2022-12-14 23:59:15 [DEBUG][InternalLoggerFactory] Using Log4J2 as the default logging framework
2022-12-14 23:59:15 [DEBUG][ResourceLeakDetector] -Dio.netty.leakDetection.level: simple
2022-12-14 23:59:15 [DEBUG][ResourceLeakDetector] -Dio.netty.leakDetection.targetRecords: 4
2022-12-14 23:59:15 [DEBUG][PlatformDependent0] -Dio.netty.noUnsafe: false
2022-12-14 23:59:15 [DEBUG][PlatformDependent0] Java version: 8
2022-12-14 23:59:15 [DEBUG][PlatformDependent0] sun.misc.Unsafe.theUnsafe: available
2022-12-14 23:59:15 [DEBUG][PlatformDependent0] sun.misc.Unsafe.copyMemory: available
2022-12-14 23:59:15 [DEBUG][PlatformDependent0] sun.misc.Unsafe.storeFence: available
2022-12-14 23:59:15 [DEBUG][PlatformDependent0] java.nio.Buffer.address: available
2022-12-14 23:59:15 [DEBUG][PlatformDependent0] direct buffer constructor: available
2022-12-14 23:59:15 [DEBUG][PlatformDependent0] java.nio.Bits.unaligned: available, true
2022-12-14 23:59:15 [DEBUG][PlatformDependent0] jdk.internal.misc.Unsafe.allocateUninitializedArray(int): unavailable prior to Java9
2022-12-14 23:59:15 [DEBUG][PlatformDependent0] java.nio.DirectByteBuffer.<init>(long, int): available
2022-12-14 23:59:15 [DEBUG][PlatformDependent] sun.misc.Unsafe: available
2022-12-14 23:59:15 [DEBUG][PlatformDependent] -Dio.netty.tmpdir: C:\Users\Dave\AppData\Local\Temp (java.io.tmpdir)
2022-12-14 23:59:15 [DEBUG][PlatformDependent] -Dio.netty.bitMode: 64 (sun.arch.data.model)
2022-12-14 23:59:15 [DEBUG][PlatformDependent] Platform: Windows
2022-12-14 23:59:15 [DEBUG][PlatformDependent] -Dio.netty.maxDirectMemory: 15133048832 bytes
2022-12-14 23:59:15 [DEBUG][PlatformDependent] -Dio.netty.uninitializedArrayAllocationThreshold: -1
2022-12-14 23:59:15 [DEBUG][CleanerJava6] java.nio.ByteBuffer.cleaner(): available
2022-12-14 23:59:15 [DEBUG][PlatformDependent] -Dio.netty.noPreferDirect: false
2022-12-14 23:59:15 [DEBUG][AbstractByteBuf] -Dio.netty.buffer.checkAccessible: true
2022-12-14 23:59:15 [DEBUG][AbstractByteBuf] -Dio.netty.buffer.checkBounds: true
2022-12-14 23:59:15 [DEBUG][ResourceLeakDetectorFactory] Loaded default ResourceLeakDetector: io.netty.util.ResourceLeakDetector@27953a83
2022-12-14 23:59:15 [DEBUG][InternalThreadLocalMap] -Dio.netty.threadLocalMap.stringBuilder.initialSize: 1024
2022-12-14 23:59:15 [DEBUG][InternalThreadLocalMap] -Dio.netty.threadLocalMap.stringBuilder.maxSize: 4096
2022-12-14 23:59:15 [DEBUG][PooledByteBufAllocator] -Dio.netty.allocator.numHeapArenas: 32
2022-12-14 23:59:15 [DEBUG][PooledByteBufAllocator] -Dio.netty.allocator.numDirectArenas: 32
2022-12-14 23:59:15 [DEBUG][PooledByteBufAllocator] -Dio.netty.allocator.pageSize: 8192
2022-12-14 23:59:15 [DEBUG][PooledByteBufAllocator] -Dio.netty.allocator.maxOrder: 9
2022-12-14 23:59:15 [DEBUG][PooledByteBufAllocator] -Dio.netty.allocator.chunkSize: 4194304
2022-12-14 23:59:15 [DEBUG][PooledByteBufAllocator] -Dio.netty.allocator.smallCacheSize: 256
2022-12-14 23:59:15 [DEBUG][PooledByteBufAllocator] -Dio.netty.allocator.normalCacheSize: 64
2022-12-14 23:59:15 [DEBUG][PooledByteBufAllocator] -Dio.netty.allocator.maxCachedBufferCapacity: 32768
2022-12-14 23:59:15 [DEBUG][PooledByteBufAllocator] -Dio.netty.allocator.cacheTrimInterval: 8192
2022-12-14 23:59:15 [DEBUG][PooledByteBufAllocator] -Dio.netty.allocator.cacheTrimIntervalMillis: 0
2022-12-14 23:59:15 [DEBUG][PooledByteBufAllocator] -Dio.netty.allocator.useCacheForAllThreads: false
2022-12-14 23:59:15 [DEBUG][PooledByteBufAllocator] -Dio.netty.allocator.maxCachedByteBuffersPerChunk: 1023
2022-12-14 23:59:15 [DEBUG][ByteBufUtil] -Dio.netty.allocator.type: pooled
2022-12-14 23:59:15 [DEBUG][ByteBufUtil] -Dio.netty.threadLocalDirectBufferSize: 0
2022-12-14 23:59:15 [DEBUG][ByteBufUtil] -Dio.netty.maxThreadLocalCharBufferSize: 16384
